d:\卫星导航算法与程序设计\satellitenavigation2\satellitenavigation2\debug\vc142.pdb
d:\卫星导航算法与程序设计\satellitenavigation2\satellitenavigation2\debug\vc142.idb
d:\卫星导航算法与程序设计\satellitenavigation2\satellitenavigation2\debug\timetransformation.obj
d:\卫星导航算法与程序设计\satellitenavigation2\satellitenavigation2\debug\spp.obj
d:\卫星导航算法与程序设计\satellitenavigation2\satellitenavigation2\debug\serial.obj
d:\卫星导航算法与程序设计\satellitenavigation2\satellitenavigation2\debug\satellitenavigation2.obj
d:\卫星导航算法与程序设计\satellitenavigation2\satellitenavigation2\debug\optimalestimation2.obj
d:\卫星导航算法与程序设计\satellitenavigation2\satellitenavigation2\debug\myvector.obj
d:\卫星导航算法与程序设计\satellitenavigation2\satellitenavigation2\debug\matrix2.obj
d:\卫星导航算法与程序设计\satellitenavigation2\satellitenavigation2\debug\decode.obj
d:\卫星导航算法与程序设计\satellitenavigation2\satellitenavigation2\debug\coordinatetransformation.obj
d:\卫星导航算法与程序设计\satellitenavigation2\satellitenavigation2\debug\matrix.obj
d:\卫星导航算法与程序设计\satellitenavigation2\satellitenavigation2\debug\optimalestimation.obj
d:\卫星导航算法与程序设计\satellitenavigation2\satellitenavigation2\debug\sockets.obj
d:\卫星导航算法与程序设计\satellitenavigation2\satellitenavigation2\debug\rtk.obj
d:\卫星导航算法与程序设计\satellitenavigation2\debug\satellitenavigation2.exe
d:\卫星导航算法与程序设计\satellitenavigation2\satellitenavigation2\debug\satellitenavigation2.ilk
d:\卫星导航算法与程序设计\satellitenavigation2\debug\satellitenavigation2.pdb
d:\卫星导航算法与程序设计\satellitenavigation2\satellitenavigation2\debug\satellit.01716458.tlog\cl.command.1.tlog
d:\卫星导航算法与程序设计\satellitenavigation2\satellitenavigation2\debug\satellit.01716458.tlog\cl.read.1.tlog
d:\卫星导航算法与程序设计\satellitenavigation2\satellitenavigation2\debug\satellit.01716458.tlog\cl.write.1.tlog
d:\卫星导航算法与程序设计\satellitenavigation2\satellitenavigation2\debug\satellit.01716458.tlog\link.command.1.tlog
d:\卫星导航算法与程序设计\satellitenavigation2\satellitenavigation2\debug\satellit.01716458.tlog\link.read.1.tlog
d:\卫星导航算法与程序设计\satellitenavigation2\satellitenavigation2\debug\satellit.01716458.tlog\link.write.1.tlog
